 
*** VICE Version 3.6.0 ***
 
Welcome to x64sc, the free portable C64 Emulator.
 
Current VICE team members:
Martin Pottendorfer, Marco van den Heuvel, Fabrizio Gennari, Groepaz, 
Errol Smith, Ingo Korb, Olaf Seibert, Marcus Sutton, Kajtar Zsolt, AreaScout, 
Bas Wassink, Michael C. Martin, Christopher Phillips, David Hogan, 
Empathic Qubit, Roberto Muscedere, June Tate-Gans, Pablo Roldan.
 
This is free software with ABSOLUTELY NO WARRANTY.
See the "About VICE" command for more info.
 
random seed was: 0x61f7e017
command line was: /usr/local/Cellar/vice/3.6/bin/x64sc +basicload -sound /Users/gj/git/C64/XCBASIC2/gj01/test.prg
Loading system file `/usr/local/Cellar/vice/3.6/share/vice/C64/kernal'.
Loading system file `/usr/local/Cellar/vice/3.6/share/vice/C64/basic'.
Loading system file `/usr/local/Cellar/vice/3.6/share/vice/C64/chargen'.
Loading system file `/usr/local/Cellar/vice/3.6/share/vice/PRINTER/mps803'.
Palette: Loading palette `/usr/local/Cellar/vice/3.6/share/vice/PRINTER/mps803.vpl'.
Loading system file `/usr/local/Cellar/vice/3.6/share/vice/PRINTER/nl10-cbm'.
Palette: Loading palette `/usr/local/Cellar/vice/3.6/share/vice/PRINTER/nl10.vpl'.
NL10: Printer driver initialized.
Palette: Loading palette `/usr/local/Cellar/vice/3.6/share/vice/PRINTER/1520.vpl'.
Loading system file `/usr/local/Cellar/vice/3.6/share/vice/DRIVES/dos1540'.
Loading system file `/usr/local/Cellar/vice/3.6/share/vice/DRIVES/dos1541'.
Loading system file `/usr/local/Cellar/vice/3.6/share/vice/DRIVES/d1541II'.
Loading system file `/usr/local/Cellar/vice/3.6/share/vice/DRIVES/dos1570'.
Loading system file `/usr/local/Cellar/vice/3.6/share/vice/DRIVES/dos1571'.
Loading system file `/usr/local/Cellar/vice/3.6/share/vice/DRIVES/dos1581'.
DriveROM: Error - 2000 ROM image not found. Hardware-level 2000 emulation is not available.
DriveROM: Error - 4000 ROM image not found. Hardware-level 4000 emulation is not available.
DriveROM: Error - CMDHD ROM image not found. Hardware-level CMDHD emulation is not available.
Loading system file `/usr/local/Cellar/vice/3.6/share/vice/DRIVES/dos2031'.
Loading system file `/usr/local/Cellar/vice/3.6/share/vice/DRIVES/dos2040'.
Loading system file `/usr/local/Cellar/vice/3.6/share/vice/DRIVES/dos3040'.
Loading system file `/usr/local/Cellar/vice/3.6/share/vice/DRIVES/dos4040'.
Loading system file `/usr/local/Cellar/vice/3.6/share/vice/DRIVES/dos1001'.
Loading system file `/usr/local/Cellar/vice/3.6/share/vice/DRIVES/dos9000'.
Drive: Finished loading ROM images.
VIC-II: Initializing chip model "MOS6569R3" (63 cycles per line, 312 raster lines).
using GTK3 backend: OpenGL
Loading vertex shader: /usr/local/Cellar/vice/3.6/share/vice/GLSL/viewport.vert
Loading fragment shader: /usr/local/Cellar/vice/3.6/share/vice/GLSL/builtin.frag
Loading vertex shader: /usr/local/Cellar/vice/3.6/share/vice/GLSL/viewport.vert
Loading fragment shader: /usr/local/Cellar/vice/3.6/share/vice/GLSL/builtin-interlaced.frag
Loading vertex shader: /usr/local/Cellar/vice/3.6/share/vice/GLSL/viewport.vert
Loading fragment shader: /usr/local/Cellar/vice/3.6/share/vice/GLSL/bicubic.frag
Loading vertex shader: /usr/local/Cellar/vice/3.6/share/vice/GLSL/viewport.vert
Loading fragment shader: /usr/local/Cellar/vice/3.6/share/vice/GLSL/bicubic-interlaced.frag
Created render thread 0
Render thread initialised
Palette: Loading palette `/usr/local/Cellar/vice/3.6/share/vice/C64/colodore.vpl'.
Palette: Loading palette `/usr/local/Cellar/vice/3.6/share/vice/C64/colodore.vpl'.
Sound: Available sound devices: coreaudio dummy fs dump wav voc iff aiff mp3 flac ogg soundmovie
Keyboard: Loading keymap `/usr/local/Cellar/vice/3.6/share/vice/C64/gtk3_sym.vkm'.
AUTOSTART: Autodetecting image type of `/Users/gj/git/C64/XCBASIC2/gj01/test.prg'.
Filesystem Image Probe: Error - Import GCR: Unknown GCR image version 51.
Filesystem Image: Unknown disk image `/Users/gj/git/C64/XCBASIC2/gj01/test.prg'.
Tape: Error - Cannot open file `/Users/gj/git/C64/XCBASIC2/gj01/test.prg'
Error - CRT header invalid.
CART: '/Users/gj/git/C64/XCBASIC2/gj01/test.prg' is not a valid CRT file.
AUTOSTART: Loading PRG file `/Users/gj/git/C64/XCBASIC2/gj01/test.prg' with direct RAM injection.
AUTOSTART: Resetting the machine to autostart '*'
VIC-II: VSP Bug: safe channels are: 16. Emulation of memory corruption is disabled.
AUTOSTART: `/Users/gj/git/C64/XCBASIC2/gj01/test.prg' recognized as program/p00 file.
Main CPU: starting at ($FFFC).
Main CPU: RESET.
sound (coreaudio_init): Found audio device with no outputs: Built-in Microphone
sound (coreaudio_init): Found output audio device: Built-in Output (Default)
sound (coreaudio_init): Found output audio device: Background Music
sound (coreaudio_init): Found output audio device: Background Music (UI Sounds)
sound (coreaudio_init): Found audio device with no outputs: Multi-Output Device
sound (coreaudio_init): Using output audio device: Built-in Output
sound (coreaudio_init): audio frame buffer size in samples min: 14.000000 max: 4096.000000 fragment size: 32, chosen: 32
sound (coreaudio_init): sampling rate conversion 48000Hz->44100Hz
sound (coreaudio_start): Started
Sound: Opened device `coreaudio', speed 48000Hz, fragment size 0.67ms, buffer size 20.00ms
Copybuffer increase to 102 bytes
reSID: MOS6581, filter on, sampling rate 48000Hz - resampling, pass to 21600Hz
Sync reset
Unit 8: RESET.
AUTOSTART: Injecting program data at $0800 (size $0a15)
AUTOSTART: Ready
AUTOSTART: Starting program.
AUTOSTART: Restoring FileSystemDevice8 to 1.
AUTOSTART: Restoring FSDevice8ConvertP00 to 1.
AUTOSTART: Restoring FSDeviceLongNames to 0.
AUTOSTART: Done.
press   65363, 0xff53 --- ----- -- Right
release 65363, 0xff53 --- ----- -- Right
press   65361, 0xff51 --- ----- -- Left
release 65361, 0xff51 --- ----- -- Left
press   65362, 0xff52 --- ----- -- Up
release 65362, 0xff52 --- ----- -- Up
press   65364, 0xff54 --- ----- -- Down
release 65364, 0xff54 --- ----- -- Down
press      32, 0x0020 --- ----- -- space
release    32, 0x0020 --- ----- -- space
press   65288, 0xff08 --- ----- -- BackSpace
release 65288, 0xff08 --- ----- -- BackSpace
press   65293, 0xff0d --- ----- -- Return
release 65293, 0xff0d --- ----- -- Return
press   65307, 0xff1b --- ----- -- Escape
release 65307, 0xff1b --- ----- -- Escape
press   65289, 0xff09 --- ----- -- Tab
release 65289, 0xff09 --- ----- -- Tab
press   65509, 0xffe5 --- ----- -- Caps_Lock
release 65509, 0xffe5 -L- ----- -L Caps_Lock
press   65535, 0xffff --- ----- -- Delete
press   65509, 0xffe5 --- ----- -- Caps_Lock
press   65361, 0xff51 -L- ----- -L Left
release 65535, 0xffff -L- ----- -L Delete
press   65363, 0xff53 -L- ----- -L Right
release 65361, 0xff51 -L- ----- -L Left
press   65363, 0xff53 -L- ----- -L Right
release 65363, 0xff53 -L- ----- -L Right
press   65363, 0xff53 -L- ----- -L Right
release 65509, 0xffe5 -L- ----- -L Caps_Lock
press   16777221, 0x1000005 --- ----- -- U+0005
release 16777221, 0x1000005 --- ----- -- U+0005
press   65509, 0xffe5 --- ----- -- Caps_Lock
press   65361, 0xff51 -L- ----- -L Left
release 65363, 0xff53 -L- ----- -L Right
press   65363, 0xff53 -L- ----- -L Right
release 65361, 0xff51 -L- ----- -L Left
release 65509, 0xffe5 -L- ----- -L Caps_Lock
press   16777221, 0x1000005 --- ----- -- U+0005
release 65363, 0xff53 --- ----- -- Right
press   65509, 0xffe5 --- ----- -- Caps_Lock
press   65361, 0xff51 -L- ----- -L Left
release 16777221, 0x1000005 -L- ----- -L U+0005
press   65361, 0xff51 -L- ----- -L Left
release 65361, 0xff51 -L- ----- -L Left
release 65509, 0xffe5 -L- ----- -L Caps_Lock
press   65535, 0xffff --- ----- -- Delete
release 65535, 0xffff --- ----- -- Delete
press   65509, 0xffe5 --- ----- -- Caps_Lock
press   65361, 0xff51 -L- ----- -L Left
release 65361, 0xff51 -L- ----- -L Left
press   65367, 0xff57 -L- ----- -L End
release 65367, 0xff57 -L- ----- -L End
press   65360, 0xff50 -L- ----- -L Home
release 65360, 0xff50 -L- ----- -L Home
press   65365, 0xff55 -L- ----- -L Page_Up
release 65365, 0xff55 -L- ----- -L Page_Up
press   65366, 0xff56 -L- ----- -L Page_Down
release 65366, 0xff56 -L- ----- -L Page_Down
press   65367, 0xff57 -L- ----- -L End
press   65505, 0xffe1 -L- ----- -L Shift_L
release 65367, 0xff57 SL- ----- -L End
press   65362, 0xff52 SL- ----- -L Up
press   65507, 0xffe3 SL- ----- -L Control_L
press   65361, 0xff51 SLC ----- -L Left
release 65362, 0xff52 SLC ----- -L Up
release 65361, 0xff51 SLC ----- -L Left
release 65507, 0xffe3 SLC ----- -L Control_L
release 65505, 0xffe1 SL- ----- -L Shift_L
press   65470, 0xffbe -L- ----- -L F1
release 65470, 0xffbe -L- ----- -L F1
press   65471, 0xffbf -L- ----- -L F2
release 65471, 0xffbf -L- ----- -L F2
press   65472, 0xffc0 -L- ----- -L F3
release 65472, 0xffc0 -L- ----- -L F3
press   65473, 0xffc1 -L- ----- -L F4
release 65473, 0xffc1 -L- ----- -L F4
press   65513, 0xffe9 -L- ----- -L Alt_L
press    5053, 0x13bd -L- 1---- -L oe
Initiating render thread 0 shutdown
Joining render thread 0 ...
Joined render thread 0.

Resources with non default values:
LogFileName="8xSpeedPlayer.prg-vice.log"
ConfirmOnExit=0
Window0Height=676
Window0Width=768
Window0Xpos=508
Window0Ypos=25
KbdStatusbar=1
TrueAspectRatio=0
GTKFilter=0
IECReset=1
CIA1Model=0
CIA2Model=0
VICIIPaletteFile="colodore"
VICIIExternalPalette=1
VICIIFilter=0
VICIIModel=0
SidModel=0
IECDevice4=1
PrinterTextDevice1="/Users/gj/printout.txt"
Printer4=1
KeySet1North=65362
KeySet1East=65363
KeySet1South=65364
KeySet1West=65361
KeySet1Fire=32
KeySetEnable=0
JoyDevice2=0
FSDevice8Dir="/Users/gj/git/C64/KickAssembler/Examples/06.PseudoCommands/bin/."
AutostartHandleTrueDriveEmulation=1
AutostartWarp=0
AutostartPrgMode=1
GlueLogic=0
DriveSoundEmulation=1
DriveSoundEmulationVolume=347
Drive8Type=1581

reconstructed commandline options (might be incomplete):
-default +confirmonexit -kbdstatusbar +trueaspect -gtkfilter 0 -cia1model 0 -cia2model 0 -iecreset 1 -VICIIfilter 0 -VICIIextpal -VICIIpalette colodore -iecdevice4 -prtxtdev1 /Users/gj/printout.txt -device4 1 +keyset -joydev2 0 -autostart-handle-tde +autostart-warp -autostartprgmode 1 -drive8type 1581 -drivesound -drivesoundvolume 347 -gluelogictype 0

VICE thread initiating shutdown
VICE thread is exiting
VICE thread has been joined.
VIC-II: VSP Bug: safe channels are: 123567. Emulation of memory corruption is disabled.
Sound: Closing device `coreaudio'
AudioComponentInstanceDispose
